{"D:\\ALL CODES\\Wed Dev\\Node\\Mini twitter App\\src\\Controllers\\tweetController.js": {"path":"D:\\ALL CODES\\Wed Dev\\Node\\Mini twitter App\\src\\Controllers\\tweetController.js","statementMap":{"0":{"start":{"line":10,"column":27},"end":{"line":32,"column":1}},"1":{"start":{"line":11,"column":4},"end":{"line":31,"column":5}},"2":{"start":{"line":12,"column":8},"end":{"line":12,"column":30}},"3":{"start":{"line":14,"column":23},"end":{"line":14,"column":27}},"4":{"start":{"line":15,"column":8},"end":{"line":19,"column":9}},"5":{"start":{"line":17,"column":12},"end":{"line":17,"column":37}},"6":{"start":{"line":18,"column":12},"end":{"line":18,"column":48}},"7":{"start":{"line":21,"column":25},"end":{"line":24,"column":10}},"8":{"start":{"line":27,"column":8},"end":{"line":27,"column":94}},"9":{"start":{"line":30,"column":8},"end":{"line":30,"column":41}},"10":{"start":{"line":34,"column":25},"end":{"line":46,"column":1}},"11":{"start":{"line":35,"column":4},"end":{"line":44,"column":5}},"12":{"start":{"line":36,"column":25},"end":{"line":36,"column":49}},"13":{"start":{"line":38,"column":8},"end":{"line":38,"column":88}},"14":{"start":{"line":42,"column":8},"end":{"line":42,"column":40}},"15":{"start":{"line":48,"column":28},"end":{"line":58,"column":1}},"16":{"start":{"line":49,"column":4},"end":{"line":56,"column":5}},"17":{"start":{"line":50,"column":25},"end":{"line":50,"column":65}},"18":{"start":{"line":52,"column":8},"end":{"line":52,"column":88}},"19":{"start":{"line":55,"column":8},"end":{"line":55,"column":40}},"20":{"start":{"line":60,"column":27},"end":{"line":71,"column":1}},"21":{"start":{"line":61,"column":4},"end":{"line":70,"column":5}},"22":{"start":{"line":63,"column":25},"end":{"line":63,"column":64}},"23":{"start":{"line":65,"column":8},"end":{"line":65,"column":87}},"24":{"start":{"line":68,"column":8},"end":{"line":68,"column":40}},"25":{"start":{"line":73,"column":27},"end":{"line":82,"column":1}},"26":{"start":{"line":74,"column":4},"end":{"line":81,"column":5}},"27":{"start":{"line":75,"column":25},"end":{"line":75,"column":79}},"28":{"start":{"line":77,"column":8},"end":{"line":77,"column":88}},"29":{"start":{"line":80,"column":7},"end":{"line":80,"column":39}}},"fnMap":{"0":{"name":"(anonymous_0)","decl":{"start":{"line":10,"column":27},"end":{"line":10,"column":28}},"loc":{"start":{"line":10,"column":47},"end":{"line":32,"column":1}},"line":10},"1":{"name":"(anonymous_1)","decl":{"start":{"line":34,"column":25},"end":{"line":34,"column":26}},"loc":{"start":{"line":34,"column":45},"end":{"line":46,"column":1}},"line":34},"2":{"name":"(anonymous_2)","decl":{"start":{"line":48,"column":28},"end":{"line":48,"column":29}},"loc":{"start":{"line":48,"column":47},"end":{"line":58,"column":1}},"line":48},"3":{"name":"(anonymous_3)","decl":{"start":{"line":60,"column":27},"end":{"line":60,"column":28}},"loc":{"start":{"line":60,"column":46},"end":{"line":71,"column":1}},"line":60},"4":{"name":"(anonymous_4)","decl":{"start":{"line":73,"column":27},"end":{"line":73,"column":28}},"loc":{"start":{"line":73,"column":45},"end":{"line":82,"column":1}},"line":73}},"branchMap":{"0":{"loc":{"start":{"line":15,"column":8},"end":{"line":19,"column":9}},"type":"if","locations":[{"start":{"line":15,"column":8},"end":{"line":19,"column":9}},{"start":{},"end":{}}],"line":15}},"s":{"0":1,"1":0,"2":0,"3":0,"4":0,"5":0,"6":0,"7":0,"8":0,"9":0,"10":1,"11":2,"12":2,"13":1,"14":1,"15":1,"16":0,"17":0,"18":0,"19":0,"20":1,"21":0,"22":0,"23":0,"24":0,"25":1,"26":0,"27":0,"28":0,"29":0},"f":{"0":0,"1":2,"2":0,"3":0,"4":0},"b":{"0":[0,0]},"_coverageSchema":"1a1c01bbd47fc00a2c39e90264f33305004495a9","hash":"4ccf72a482543430fa3ad9e4d3de6a8d2cdc5bbc"}
,"D:\\ALL CODES\\Wed Dev\\Node\\Mini twitter App\\src\\utils\\responses.js": {"path":"D:\\ALL CODES\\Wed Dev\\Node\\Mini twitter App\\src\\utils\\responses.js","statementMap":{"0":{"start":{"line":3,"column":29},"end":{"line":16,"column":1}},"1":{"start":{"line":4,"column":5},"end":{"line":4,"column":24}},"2":{"start":{"line":5,"column":12},"end":{"line":10,"column":13}},"3":{"start":{"line":6,"column":16},"end":{"line":9,"column":19}},"4":{"start":{"line":12,"column":12},"end":{"line":15,"column":14}},"5":{"start":{"line":18,"column":31},"end":{"line":24,"column":1}},"6":{"start":{"line":19,"column":4},"end":{"line":23,"column":6}}},"fnMap":{"0":{"name":"(anonymous_0)","decl":{"start":{"line":3,"column":29},"end":{"line":3,"column":30}},"loc":{"start":{"line":3,"column":45},"end":{"line":16,"column":1}},"line":3},"1":{"name":"(anonymous_1)","decl":{"start":{"line":18,"column":31},"end":{"line":18,"column":32}},"loc":{"start":{"line":18,"column":66},"end":{"line":24,"column":1}},"line":18}},"branchMap":{"0":{"loc":{"start":{"line":5,"column":12},"end":{"line":10,"column":13}},"type":"if","locations":[{"start":{"line":5,"column":12},"end":{"line":10,"column":13}},{"start":{},"end":{}}],"line":5}},"s":{"0":1,"1":1,"2":1,"3":0,"4":1,"5":1,"6":1},"f":{"0":1,"1":1},"b":{"0":[0,1]},"_coverageSchema":"1a1c01bbd47fc00a2c39e90264f33305004495a9","hash":"e5d4838202de86f8ca8b479bcff2c048061ab25a"}
,"D:\\ALL CODES\\Wed Dev\\Node\\Mini twitter App\\tests\\mocker.js": {"path":"D:\\ALL CODES\\Wed Dev\\Node\\Mini twitter App\\tests\\mocker.js","statementMap":{"0":{"start":{"line":1,"column":28},"end":{"line":8,"column":2}},"1":{"start":{"line":2,"column":16},"end":{"line":2,"column":18}},"2":{"start":{"line":3,"column":4},"end":{"line":3,"column":46}},"3":{"start":{"line":4,"column":4},"end":{"line":4,"column":48}},"4":{"start":{"line":5,"column":4},"end":{"line":5,"column":46}},"5":{"start":{"line":7,"column":4},"end":{"line":7,"column":15}},"6":{"start":{"line":10,"column":28},"end":{"line":17,"column":2}},"7":{"start":{"line":11,"column":16},"end":{"line":11,"column":18}},"8":{"start":{"line":12,"column":4},"end":{"line":12,"column":46}},"9":{"start":{"line":13,"column":4},"end":{"line":13,"column":48}},"10":{"start":{"line":14,"column":4},"end":{"line":14,"column":47}},"11":{"start":{"line":16,"column":3},"end":{"line":16,"column":14}}},"fnMap":{"0":{"name":"(anonymous_0)","decl":{"start":{"line":1,"column":28},"end":{"line":1,"column":29}},"loc":{"start":{"line":1,"column":33},"end":{"line":8,"column":2}},"line":1},"1":{"name":"(anonymous_1)","decl":{"start":{"line":10,"column":28},"end":{"line":10,"column":29}},"loc":{"start":{"line":10,"column":34},"end":{"line":17,"column":2}},"line":10}},"branchMap":{},"s":{"0":1,"1":2,"2":2,"3":2,"4":2,"5":2,"6":1,"7":2,"8":2,"9":2,"10":2,"11":2},"f":{"0":2,"1":2},"b":{},"_coverageSchema":"1a1c01bbd47fc00a2c39e90264f33305004495a9","hash":"667cc1caf1ad685e5c0dd7e9729c399ed2e88c53"}
}
