TN:
SF:src\Controllers\tweetController.js
FN:10,(anonymous_0)
FN:34,(anonymous_1)
FN:48,(anonymous_2)
FN:60,(anonymous_3)
FN:73,(anonymous_4)
FNF:5
FNH:1
FNDA:0,(anonymous_0)
FNDA:2,(anonymous_1)
FNDA:0,(anonymous_2)
FNDA:0,(anonymous_3)
FNDA:0,(anonymous_4)
DA:10,1
DA:11,0
DA:12,0
DA:14,0
DA:15,0
DA:17,0
DA:18,0
DA:21,0
DA:27,0
DA:30,0
DA:34,1
DA:35,2
DA:36,2
DA:38,1
DA:42,1
DA:48,1
DA:49,0
DA:50,0
DA:52,0
DA:55,0
DA:60,1
DA:61,0
DA:63,0
DA:65,0
DA:68,0
DA:73,1
DA:74,0
DA:75,0
DA:77,0
DA:80,0
LF:30
LH:9
BRDA:15,0,0,0
BRDA:15,0,1,0
BRF:2
BRH:0
end_of_record
TN:
SF:src\utils\responses.js
FN:3,(anonymous_0)
FN:18,(anonymous_1)
FNF:2
FNH:2
FNDA:1,(anonymous_0)
FNDA:1,(anonymous_1)
DA:3,1
DA:4,1
DA:5,1
DA:6,0
DA:12,1
DA:18,1
DA:19,1
LF:7
LH:6
BRDA:5,0,0,0
BRDA:5,0,1,1
BRF:2
BRH:1
end_of_record
TN:
SF:tests\mocker.js
FN:1,(anonymous_0)
FN:10,(anonymous_1)
FNF:2
FNH:2
FNDA:2,(anonymous_0)
FNDA:2,(anonymous_1)
DA:1,1
DA:2,2
DA:3,2
DA:4,2
DA:5,2
DA:7,2
DA:10,1
DA:11,2
DA:12,2
DA:13,2
DA:14,2
DA:16,2
LF:12
LH:12
BRF:0
BRH:0
end_of_record
